#
# There is insufficient memory for the Java Runtime Environment to continue.
# Native memory allocation (mmap) failed to map 266338304 bytes for G1 virtual space
# Possible reasons:
#   The system is out of physical RAM or swap space
#   The process is running with CompressedOops enabled, and the Java Heap may be blocking the growth of the native heap
# Possible solutions:
#   Reduce memory load on the system
#   Increase physical memory or swap space
#   Check if swap backing store is full
#   Decrease Java heap size (-Xmx/-Xms)
#   Decrease number of Java threads
#   Decrease Java thread stack sizes (-Xss)
#   Set larger code cache with -XX:ReservedCodeCacheSize=
#   JVM is running with Zero Based Compressed Oops mode in which the Java heap is
#     placed in the first 32GB address space. The Java Heap base address is the
#     maximum limit for the native heap growth. Please use -XX:HeapBaseMinAddress
#     to set the Java Heap base and to place the Java Heap above 32GB virtual address.
# This output file may be truncated or incomplete.
#
#  Out of Memory Error (os_windows.cpp:3825), pid=14780, tid=10440
#
# JRE version:  (17.0.9+7) (build )
# Java VM: OpenJDK 64-Bit Server VM (17.0.9+7-b1087.7, mixed mode, sharing, tiered, compressed oops, compressed class ptrs, g1 gc, windows-amd64)
# No core dump will be written. Minidumps are not enabled by default on client versions of Windows
#

---------------  S U M M A R Y ------------

Command Line: git4idea.http.GitAskPassApp Username for 'https://gitlab.com': 

Host: Intel(R) Core(TM) i5-10500H CPU @ 2.50GHz, 12 cores, 15G,  Windows 11 , 64 bit Build 22621 (10.0.22621.5124)
Time: Sun Apr 27 14:08:45 2025 RTZ 3 (s 11 , 64 bit Build 22621 (10.0.22621.5124) elapsed time: 0.019417 seconds (0d 0h 0m 0s)

---------------  T H R E A D  ---------------

Current thread (0x0000020fb7b156f0):  JavaThread "Unknown thread" [_thread_in_vm, id=10440, stack(0x0000009b4b500000,0x0000009b4b600000)]

Stack: [0x0000009b4b500000,0x0000009b4b600000]
Native frames: (J=compiled Java code, j=interpreted, Vv=VM code, C=native code)
V  [jvm.dll+0x6886e9]
V  [jvm.dll+0x841e4a]
V  [jvm.dll+0x843a8e]
V  [jvm.dll+0x8440f3]
V  [jvm.dll+0x24c14f]
V  [jvm.dll+0x685499]
V  [jvm.dll+0x679c2a]
V  [jvm.dll+0x30cf9b]
V  [jvm.dll+0x314446]
V  [jvm.dll+0x36425e]
V  [jvm.dll+0x36448f]
V  [jvm.dll+0x2e2d68]
V  [jvm.dll+0x2e3cd4]
V  [jvm.dll+0x8129f1]
V  [jvm.dll+0x3720c1]
V  [jvm.dll+0x7f152c]
V  [jvm.dll+0x3f5d4f]
V  [jvm.dll+0x3f7981]
C  [jli.dll+0x528f]
C  [ucrtbase.dll+0x29333]
C  [KERNEL32.DLL+0x1259d]
C  [ntdll.dll+0x5af38]


---------------  P R O C E S S  ---------------

Threads class SMR info:
_java_thread_list=0x00007ffcc7e2ef18, length=0, elements={
}

Java Threads: ( => current thread )

Other Threads:
  0x0000020fb7b834e0 GCTaskThread "GC Thread#0" [stack: 0x0000009b4b600000,0x0000009b4b700000] [id=5624]
  0x0000020fb7b94080 ConcurrentGCThread "G1 Main Marker" [stack: 0x0000009b4b700000,0x0000009b4b800000] [id=12128]
  0x0000020fb7b949b0 ConcurrentGCThread "G1 Conc#0" [stack: 0x0000009b4b800000,0x0000009b4b900000] [id=15468]

[error occurred during error reporting (printing all threads), id 0xc0000005, EXCEPTION_ACCESS_VIOLATION (0xc0000005) at pc=0x00007ffcc75e3937]

VM state: not at safepoint (not fully initialized)

VM Mutex/Monitor currently owned by a thread:  ([mutex/lock_event])
[0x0000020fb7b0e490] Heap_lock - owner thread: 0x0000020fb7b156f0

Heap address: 0x0000000702c00000, size: 4052 MB, Compressed Oops mode: Zero based, Oop shift amount: 3

CDS archive(s) mapped at: [0x0000000000000000-0x0000000000000000-0x0000000000000000), size 0, SharedBaseAddress: 0x0000000800000000, ArchiveRelocationMode: 1.
Narrow klass base: 0x0000000000000000, Narrow klass shift: 0, Narrow klass range: 0x0

GC Precious Log:
<Empty>

Heap:
 garbage-first heap   total 0K, used 0K [0x0000000702c00000, 0x0000000800000000)
  region size 2048K, 0 young (0K), 0 survivors (0K)
 Metaspace       used 0K, committed 0K, reserved 0K
  class space    used 0K, committed 0K, reserved 0K

Heap Regions: E=young(eden), S=young(survivor), O=old, HS=humongous(starts), HC=humongous(continues), CS=collection set, F=free, OA=open archive, CA=closed archive, TAMS=top-at-mark-start (previous, next)

Card table byte_map: [0x0000020fcafc0000,0x0000020fcb7b0000] _byte_map_base: 0x0000020fc77aa000

Marking Bits (Prev, Next): (CMBitMap*) 0x0000020fb7b83a10, (CMBitMap*) 0x0000020fb7b83a50
 Prev Bits: [0x0000020fcbfa0000, 0x0000020fcfef0000)
 Next Bits: [0x0000020fcfef0000, 0x0000020fd3e40000)

GC Heap History (0 events):
No events

Dll operation events (1 events):
Event: 0.005 Loaded shared library C:\Program Files\JetBrains\PyCharm 2023.3\jbr\bin\java.dll

Deoptimization events (0 events):
No events

Classes unloaded (0 events):
No events

Classes redefined (0 events):
No events

Internal exceptions (0 events):
No events

VM Operations (0 events):
No events

Events (0 events):
No events


Dynamic libraries:
0x00007ff7deb20000 - 0x00007ff7deb2a000 	C:\Program Files\JetBrains\PyCharm 2023.3\jbr\bin\java.exe
0x00007ffd4e3f0000 - 0x00007ffd4e607000 	C:\Windows\SYSTEM32\ntdll.dll
0x00007ffd4dc80000 - 0x00007ffd4dd44000 	C:\Windows\System32\KERNEL32.DLL
0x00007ffd4b6a0000 - 0x00007ffd4ba73000 	C:\Windows\System32\KERNELBASE.dll
0x00007ffd4bd00000 - 0x00007ffd4be11000 	C:\Windows\System32\ucrtbase.dll
0x00007ffd0dc00000 - 0x00007ffd0dc1b000 	C:\Program Files\JetBrains\PyCharm 2023.3\jbr\bin\VCRUNTIME140.dll
0x00007ffd30750000 - 0x00007ffd30767000 	C:\Program Files\JetBrains\PyCharm 2023.3\jbr\bin\jli.dll
0x00007ffd4e100000 - 0x00007ffd4e2b1000 	C:\Windows\System32\USER32.dll
0x00007ffd4b670000 - 0x00007ffd4b696000 	C:\Windows\System32\win32u.dll
0x00007ffd33190000 - 0x00007ffd33428000 	C:\Windows\WinSxS\amd64_microsoft.windows.common-controls_6595b64144ccf1df_6.0.22621.5124_none_270e8f4f7386d69d\COMCTL32.dll
0x00007ffd4e040000 - 0x00007ffd4e0e7000 	C:\Windows\System32\msvcrt.dll
0x00007ffd4d480000 - 0x00007ffd4d4a9000 	C:\Windows\System32\GDI32.dll
0x00007ffd4bf70000 - 0x00007ffd4c08b000 	C:\Windows\System32\gdi32full.dll
0x00007ffd4be50000 - 0x00007ffd4beea000 	C:\Windows\System32\msvcp_win.dll
0x00007ffd4df00000 - 0x00007ffd4df31000 	C:\Windows\System32\IMM32.DLL
0x00007ffd2ff40000 - 0x00007ffd2ff4c000 	C:\Program Files\JetBrains\PyCharm 2023.3\jbr\bin\vcruntime140_1.dll
0x00007ffcf5250000 - 0x00007ffcf52dd000 	C:\Program Files\JetBrains\PyCharm 2023.3\jbr\bin\msvcp140.dll
0x00007ffcc72f0000 - 0x00007ffcc7f73000 	C:\Program Files\JetBrains\PyCharm 2023.3\jbr\bin\server\jvm.dll
0x00007ffd4ca90000 - 0x00007ffd4cb41000 	C:\Windows\System32\ADVAPI32.dll
0x00007ffd4df60000 - 0x00007ffd4e008000 	C:\Windows\System32\sechost.dll
0x00007ffd4be20000 - 0x00007ffd4be48000 	C:\Windows\System32\bcrypt.dll
0x00007ffd4dab0000 - 0x00007ffd4dbc4000 	C:\Windows\System32\RPCRT4.dll
0x00007ffd39210000 - 0x00007ffd39219000 	C:\Windows\SYSTEM32\WSOCK32.dll
0x00007ffd4a340000 - 0x00007ffd4a38d000 	C:\Windows\SYSTEM32\POWRPROF.dll
0x00007ffd3c3a0000 - 0x00007ffd3c3d4000 	C:\Windows\SYSTEM32\WINMM.dll
0x00007ffd4da30000 - 0x00007ffd4daa1000 	C:\Windows\System32\WS2_32.dll
0x00007ffd481f0000 - 0x00007ffd481fa000 	C:\Windows\SYSTEM32\VERSION.dll
0x00007ffd4a320000 - 0x00007ffd4a333000 	C:\Windows\SYSTEM32\UMPDC.dll
0x00007ffd4a5e0000 - 0x00007ffd4a5f8000 	C:\Windows\SYSTEM32\kernel.appcore.dll
0x00007ffd38fa0000 - 0x00007ffd38faa000 	C:\Program Files\JetBrains\PyCharm 2023.3\jbr\bin\jimage.dll
0x00007ffd3b8e0000 - 0x00007ffd3bb12000 	C:\Windows\SYSTEM32\DBGHELP.DLL
0x00007ffd4d4c0000 - 0x00007ffd4d852000 	C:\Windows\System32\combase.dll
0x00007ffd4c510000 - 0x00007ffd4c5e7000 	C:\Windows\System32\OLEAUT32.dll
0x00007ffd33440000 - 0x00007ffd33472000 	C:\Windows\SYSTEM32\dbgcore.DLL
0x00007ffd4bef0000 - 0x00007ffd4bf6b000 	C:\Windows\System32\bcryptPrimitives.dll
0x00007ffd27140000 - 0x00007ffd27165000 	C:\Program Files\JetBrains\PyCharm 2023.3\jbr\bin\java.dll

dbghelp: loaded successfully - version: 4.0.5 - missing functions: none
symbol engine: initialized successfully - sym options: 0x614 - pdb path: .;C:\Program Files\JetBrains\PyCharm 2023.3\jbr\bin;C:\Windows\SYSTEM32;C:\Windows\WinSxS\amd64_microsoft.windows.common-controls_6595b64144ccf1df_6.0.22621.5124_none_270e8f4f7386d69d;C:\Program Files\JetBrains\PyCharm 2023.3\jbr\bin\server

VM Arguments:
java_command: git4idea.http.GitAskPassApp Username for 'https://gitlab.com': 
java_class_path (initial): C:/Program Files/JetBrains/PyCharm 2023.3/plugins/vcs-git/lib/git4idea-rt.jar;C:/Program Files/JetBrains/PyCharm 2023.3/lib/externalProcess-rt.jar
Launcher Type: SUN_STANDARD

[Global flags]
     intx CICompilerCount                          = 4                                         {product} {ergonomic}
     uint ConcGCThreads                            = 3                                         {product} {ergonomic}
     uint G1ConcRefinementThreads                  = 10                                        {product} {ergonomic}
   size_t G1HeapRegionSize                         = 2097152                                   {product} {ergonomic}
    uintx GCDrainStackTargetSize                   = 64                                        {product} {ergonomic}
   size_t InitialHeapSize                          = 266338304                                 {product} {ergonomic}
   size_t MarkStackSize                            = 4194304                                   {product} {ergonomic}
   size_t MaxHeapSize                              = 4248829952                                {product} {ergonomic}
   size_t MinHeapDeltaBytes                        = 2097152                                   {product} {ergonomic}
   size_t MinHeapSize                              = 8388608                                   {product} {ergonomic}
    uintx NonNMethodCodeHeapSize                   = 5839372                                {pd product} {ergonomic}
    uintx NonProfiledCodeHeapSize                  = 122909434                              {pd product} {ergonomic}
    uintx ProfiledCodeHeapSize                     = 122909434                              {pd product} {ergonomic}
    uintx ReservedCodeCacheSize                    = 251658240                              {pd product} {ergonomic}
     bool SegmentedCodeCache                       = true                                      {product} {ergonomic}
   size_t SoftMaxHeapSize                          = 4248829952                             {manageable} {ergonomic}
     bool UseCompressedClassPointers               = true                           {product lp64_product} {ergonomic}
     bool UseCompressedOops                        = true                           {product lp64_product} {ergonomic}
     bool UseG1GC                                  = true                                      {product} {ergonomic}
     bool UseLargePagesIndividualAllocation        = false                                  {pd product} {ergonomic}

Logging:
Log output configuration:
 #0: stdout all=warning uptime,level,tags
 #1: stderr all=off uptime,level,tags

Environment Variables:
PATH=C:\Program Files\Git\mingw64\libexec\git-core;C:\Program Files\Git\mingw64\libexec\git-core;C:\Program Files\Git\mingw64\bin;C:\Program Files\Git\usr\bin;C:\Users\masha\bin;C:\Users\masha\OneDrive\╨а╨░╨▒╨╛╤З╨╕╨╣ ╤Б╤В╨╛╨╗\gitlab-repos\spm-tg-bot\.venv\Scripts;C:\Program Files\NVIDIA\CUDNN\v9.1\bin;C:\Program Files\NVIDIA GPU Computing Toolkit\CUDA\v12.4\bin;C:\Program Files\NVIDIA GPU Computing Toolkit\CUDA\v12.4\libnvvp;C:\Program Files\Common Files\Oracle\Java\javapath;C:\Windows\system32;C:\Windows;C:\Windows\System32\Wbem;C:\Windows\System32\WindowsPowerShell\v1.0;C:\Windows\System32\OpenSSH;C:\Program Files\NVIDIA Corporation\NVIDIA NvDLISR;C:\Program Files (x86)\NVIDIA Corporation\PhysX\Common;C:\Program Files\Microsoft SQL Server\150\Tools\Binn;C:\Program Files\Microsoft SQL Server\Client SDK\ODBC\170\Tools\Binn;C:\Program Files\dotnet;C:\Program Files (x86)\Windows Kits\10\Windows Performance Toolkit;C:\Program Files\nodejs;C:\Program Files\Go\bin;C:\Program Files\Docker\Docker\resources\bin;C:\Program Files\NVIDIA Corporation\Nsight Compute 2024.1.1;C:\ProgramData\chocolatey\bin;C:\Program Files\Git\cmd;C:\Users\masha\AppData\Local\Programs\Python\Python313\Scripts;C:\Users\masha\AppData\Local\Programs\Python\Python313;C:\Program Files\MySQL\MySQL Shell 8.0\bin;C:\Users\masha\AppData\Local\pnpm;C:\Users\masha\AppData\Local\Microsoft\WindowsApps;C:\Users\masha\.dotnet\tools;C:\Users\masha\AppData\Roaming\npm;C:\Users\masha\AppData\Local\Programs\Microsoft VS Code\bin;C:\Users\masha\go\bin;C:\ProgramData\chocolatey\bin;C:\ProgramData\mingw64\mingw64\bin;C:\Program Files\JetBrains\IntelliJ IDEA 2024.1.4\bin;C:\Users\masha\AppData\Local\Microsoft\WinGet\Links;C:\Program Files\JetBrains\GoLand 2025.1\bin
USERNAME=masha
DISPLAY=:0.0
LC_ALL=en_US.UTF-8
TERM=xterm-256color
TMPDIR=C:\Users\masha\AppData\Local\Temp
OS=Windows_NT
PROCESSOR_IDENTIFIER=Intel64 Family 6 Model 165 Stepping 2, GenuineIntel
TMP=C:\Users\masha\AppData\Local\Temp
TEMP=C:\Users\masha\AppData\Local\Temp



Periodic native trim disabled

JNI global refs:
JNI global refs: 0, weak refs: 0

JNI global refs memory usage: 0, weak refs: 0

OOME stack traces (most recent first):
Classloader memory used:


---------------  S Y S T E M  ---------------

OS:
 Windows 11 , 64 bit Build 22621 (10.0.22621.5124)
OS uptime: 0 days 12:29 hours
Hyper-V role detected

CPU: total 12 (initial active 12) (6 cores per cpu, 2 threads per core) family 6 model 165 stepping 2 microcode 0xe2, cx8, cmov, fxsr, ht, mmx, 3dnowpref, sse, sse2, sse3, ssse3, sse4.1, sse4.2, popcnt, lzcnt, tsc, tscinvbit, avx, avx2, aes, erms, clmul, bmi1, bmi2, adx, fma, vzeroupper, clflush, clflushopt, hv
Processor Information for all 12 processors :
  Max Mhz: 2496, Current Mhz: 2496, Mhz Limit: 2496

Memory: 4k page, system-wide physical 16205M (2137M free)
TotalPageFile size 18848M (AvailPageFile size 73M)
current process WorkingSet (physical memory assigned to process): 11M, peak: 11M
current process commit charge ("private bytes"): 64M, peak: 318M

vm_info: OpenJDK 64-Bit Server VM (17.0.9+7-b1087.7) for windows-amd64 JRE (17.0.9+7-b1087.7), built on 2023-11-17 by "builduser" with MS VC++ 16.10 / 16.11 (VS2019)

END.
